<?xml version="1.0" encoding="UTF-8"?>
<!-- Generated by org.testng.reporters.JUnitReportReporter -->
<testsuite hostname="DESKTOP-OFG5T0A" failures="0" tests="1" name="Testpkg.Testclass" time="44.207" errors="0" timestamp="2024-09-30T12:27:00 IST" skipped="0">
  <testcase classname="Testpkg.Testclass" name="Test1" time="44.207"/>
  <system-out/>
</testsuite> <!-- Testpkg.Testclass -->
